<?xml version="1.0" encoding="UTF-8"?>
<!-- Generated by org.testng.reporters.JUnitReportReporter -->
<testsuite hostname="DESKTOP-303B9DJ" failures="0" tests="2" name="TestNGPractice.CarLoan" time="0.026" errors="0" timestamp="2021-08-02T22:58:55 EDT" skipped="0">
  <testcase classname="TestNGPractice.CarLoan" name="CarTest" time="0.021"/>
  <system-out/>
  <testcase classname="TestNGPractice.CarLoan" name="CarTest2" time="0.005"/>
  <system-out/>
</testsuite> <!-- TestNGPractice.CarLoan -->
