<?xml version="1.0" encoding="UTF-8"?>
<!-- Generated by org.testng.reporters.JUnitReportReporter -->
<testsuite hostname="DESKTOP-303B9DJ" failures="0" tests="3" name="TestNGPractice.HousingLoanTest" time="0.029" errors="0" timestamp="2021-08-02T22:58:55 EDT" skipped="0">
  <testcase classname="TestNGPractice.HousingLoanTest" name="HomeTest1" time="0.021"/>
  <system-out/>
  <testcase classname="TestNGPractice.HousingLoanTest" name="HomeTest3" time="0.005"/>
  <system-out/>
  <testcase classname="TestNGPractice.HousingLoanTest" name="HomeTest2" time="0.003"/>
  <system-out/>
</testsuite> <!-- TestNGPractice.HousingLoanTest -->
