<?xml version="1.0" encoding="UTF-8"?>
<!-- Generated by org.testng.reporters.JUnitReportReporter -->
<testsuite hostname="DESKTOP-303B9DJ" failures="0" tests="1" name="TestNGPractice.TestNGTest" time="0.010" errors="0" timestamp="2021-07-28T22:22:59 EDT" skipped="0">
  <testcase classname="TestNGPractice.TestNGTest" name="test1" time="0.010"/>
  <system-out/>
</testsuite> <!-- TestNGPractice.TestNGTest -->
